2021-05-16 19:54:59,492 - os.name - Windows 10
2021-05-16 19:54:59,493 - os.arch - amd64
2021-05-16 19:54:59,493 - os.version - 10.0
2021-05-16 19:54:59,493 - java.version - 11.0.4
2021-05-16 19:54:59,493 - java.vendor - Oracle Corporation
2021-05-16 19:54:59,493 - java.vendor.url - http://java.oracle.com/
2021-05-16 19:54:59,493 - java.home - C:\Program Files\Java\jdk-11.0.4
2021-05-16 19:54:59,493 - java.vm.specification.name - Java Virtual Machine Specification
2021-05-16 19:54:59,493 - java.vm.specification.vendor - Oracle Corporation
2021-05-16 19:54:59,493 - java.vm.specification.version - 11
2021-05-16 19:54:59,495 - java.class.path - C:\Users\manis\eclipse\java-2019-09\eclipse\\plugins/org.eclipse.equinox.launcher_1.5.500.v20190715-1310.jar
2021-05-16 19:54:59,495 - java.library.path - C:\Users\manis\eclipse\java-2019-09\eclipse;C:\WINDOWS\Sun\Java\bin;C:\WINDOWS\system32;C:\WINDOWS;C:\Python27\;C:\Python27\Scripts;C:\WINDOWS\system32;C:\WINDOWS;C:\WINDOWS\System32\Wbem;C:\WINDOWS\System32\WindowsPowerShell\v1.0\;C:\WINDOWS\System32\OpenSSH\;C:\Program Files\Intel\WiFi\bin\;C:\Program Files\Common Files\Intel\WirelessCommon\;C:\Program Files\Git\cmd;C:\Program Files\Java\jdk-11.0.4\bin;C:\project\apache-maven-3.6.3\bin;C:\Program Files\nodejs\;C:\ProgramData\chocolatey\bin;C:\project\apache-ant-1.9.14\bin;C:\Users\manis\AppData\Local\Android\Sdk\platform-tools;C:\Users\manis\AppData\Local\Android\Sdk\tools;C:\Users\manis\AppData\Local\Android\Sdk\platforms;C:\Program Files\PuTTY\;C:\Program Files\Microsoft SQL Server\130\Tools\Binn\;C:\Program Files (x86)\Intel\Intel(R) Management Engine Components\DAL;C:\Program Files\Intel\Intel(R) Management Engine Components\DAL;C:\softwares\Drivers;C:\Users\manis\AppData\Local\Microsoft\WindowsApps;C:\Users\manis\AppData\Local\Programs\Microsoft VS Code\bin;C:\Program Files\Java\jdk-13.0.1\bin;C:\Users\manis\AppData\Local\GitHubDesktop\bin;C:\Program Files\JetBrains\PyCharm 2019.3.1\bin;;C:\Users\manis\AppData\Roaming\npm;C:\Users\manis\AppData\Local\Microsoft\WindowsApps;;.
2021-05-16 19:54:59,496 - --------------------------------------
2021-05-16 19:54:59,496 - ## Eclipse Plug-ins Log Information ##
2021-05-16 19:54:59,496 - --------------------------------------
2021-05-16 19:54:59,573 - javax.el - 2.2.0.v201303151357
2021-05-16 19:54:59,575 - javax.servlet - 3.1.0.v201410161800
2021-05-16 19:54:59,576 - javax.servlet.jsp - 2.2.0.v201112011158
2021-05-16 19:54:59,578 - com.sun.el - 2.2.0.v201303151357
2021-05-16 19:54:59,578 - org.apache.commons.logging - 1.2.0.v20180409-1502
2021-05-16 19:54:59,580 - org.apache.jasper.glassfish - 2.2.2.v201501141630
2021-05-16 19:54:59,584 - org.apache.lucene.analyzers-common - 8.0.0.v20190404-1858
2021-05-16 19:54:59,597 - org.apache.lucene.core - 8.0.0.v20190404-1858
2021-05-16 19:54:59,599 - org.apache.lucene.analyzers-smartcn - 8.0.0.v20190404-1858
2021-05-16 19:54:59,600 - org.eclipse.equinox.http.jetty - 3.7.200.v20190714-1849
2021-05-16 19:54:59,600 - org.eclipse.equinox.http.registry - 1.1.700.v20190214-1948
2021-05-16 19:54:59,602 - org.eclipse.equinox.http.servlet - 1.6.200.v20190823-1423
2021-05-16 19:54:59,603 - org.eclipse.equinox.jsp.jasper - 1.1.300.v20190714-1850
2021-05-16 19:54:59,603 - org.eclipse.equinox.jsp.jasper.registry - 1.1.300.v20190714-1850
2021-05-16 19:54:59,604 - org.eclipse.help.base - 4.2.700.v20190916-1045
2021-05-16 19:54:59,605 - org.eclipse.help.ui - 4.1.600.v20190814-0936
2021-05-16 19:54:59,606 - org.eclipse.help.webapp - 3.9.600.v20190814-0635
2021-05-16 19:54:59,608 - org.eclipse.jetty.continuation - 9.4.20.v20190813
2021-05-16 19:54:59,609 - org.eclipse.jetty.http - 9.4.20.v20190813
2021-05-16 19:54:59,612 - org.eclipse.jetty.io - 9.4.20.v20190813
2021-05-16 19:54:59,617 - org.eclipse.jetty.security - 9.4.20.v20190813
2021-05-16 19:54:59,621 - org.eclipse.jetty.server - 9.4.20.v20190813
2021-05-16 19:54:59,623 - org.eclipse.jetty.servlet - 9.4.20.v20190813
2021-05-16 19:54:59,626 - org.eclipse.jetty.util - 9.4.20.v20190813
2021-05-16 19:54:59,627 - org.eclipse.core.net - 1.3.600.v20190619-1613
2021-05-16 19:54:59,628 - org.eclipse.equinox.security - 1.3.300.v20190714-1851
2021-05-16 19:54:59,664 - org.eclipse.mylyn.bugzilla.core - 3.24.2.v20180905-0003
2021-05-16 19:54:59,665 - org.eclipse.mylyn.bugzilla.ui - 3.24.2.v20180905-0003
2021-05-16 19:54:59,696 - org.eclipse.andmore.hierarchyviewer - 0.5.1.201701251432
2021-05-16 19:54:59,735 - org.eclipse.sequoyah.device.backward - 2.1.0.N20120718-0509
2021-05-16 19:54:59,735 - org.eclipse.sequoyah.device.framework - 2.1.0.N20120718-0509
2021-05-16 19:54:59,737 - org.eclipse.sequoyah.device.framework.ui - 2.1.0.N20120718-0509
2021-05-16 19:54:59,739 - org.eclipse.sequoyah.device.service.start - 2.1.0.N20120718-0509
2021-05-16 19:54:59,741 - org.eclipse.sequoyah.device.service.stop - 2.1.0.N20120718-0509
2021-05-16 19:54:59,742 - org.eclipse.sequoyah.device.framework.wizard - 2.1.0.N20120718-0509
2021-05-16 19:54:59,800 - org.eclipse.buildship.core - 3.1.2.v20190903-1802
2021-05-16 19:54:59,801 - org.eclipse.buildship.ui - 3.1.2.v20190903-1802
2021-05-16 19:54:59,801 - org.eclipse.buildship.branding - 3.1.2.v20190903-1802
2021-05-16 19:54:59,802 - org.eclipse.buildship.stsmigration - 3.1.2.v20190903-1802
2021-05-16 19:54:59,832 - org.eclipse.egit.core - 5.11.0.202103091610-r
2021-05-16 19:54:59,834 - org.eclipse.egit.ui - 5.11.0.202103091610-r
2021-05-16 19:54:59,834 - org.eclipse.egit - 5.11.0.202103091610-r
2021-05-16 19:54:59,835 - org.eclipse.egit.doc - 5.11.0.202103091610-r
2021-05-16 19:54:59,869 - org.eclipse.mylyn.tasks.core - 3.24.2.v20180905-0003
2021-05-16 19:54:59,870 - org.eclipse.mylyn.tasks.index.core - 3.24.2.v20180905-0003
2021-05-16 19:54:59,870 - org.eclipse.mylyn.tasks.index.ui - 3.24.2.v20180905-0003
2021-05-16 19:54:59,872 - org.eclipse.mylyn.tasks.search - 3.24.2.v20180905-0003
2021-05-16 19:54:59,873 - org.eclipse.mylyn.tasks.ui - 3.24.2.v20180905-0003
2021-05-16 19:54:59,897 - org.eclipse.gef - 3.11.0.201606061308
2021-05-16 19:54:59,924 - org.eclipse.jgit.pgm - 5.11.0.202103091610-r
2021-05-16 19:54:59,926 - org.eclipse.jgit.ui - 5.11.0.202103091610-r
2021-05-16 19:54:59,953 - org.eclipse.mylyn.commons.identity.core - 1.16.0.v20180904-2231
2021-05-16 19:54:59,983 - org.eclipse.oomph.p2 - 1.14.0.v20200624-1156
2021-05-16 19:54:59,984 - org.eclipse.oomph.p2.core - 1.18.0.v20210428-0629
2021-05-16 19:54:59,985 - org.eclipse.oomph.p2.edit - 1.14.0.v20200624-1156
2021-05-16 19:54:59,986 - org.eclipse.oomph.p2.ui - 1.16.0.v20210427-0549
2021-05-16 19:54:59,987 - org.eclipse.oomph.p2.doc - 1.11.0.v20200624-1156
2021-05-16 19:55:00,020 - org.eclipse.emf.codegen.ui - 2.19.0.v20190824-1315
2021-05-16 19:55:00,061 - org.eclipse.datatools.enablement.sqlite - 1.2.101.201811012051
2021-05-16 19:55:00,062 - org.eclipse.datatools.enablement.sqlite.dbdefinition - 1.2.101.201811012051
2021-05-16 19:55:00,064 - org.eclipse.datatools.enablement.sqlite.ui - 1.2.101.201811012051
2021-05-16 19:55:00,064 - org.eclipse.datatools.enablement.finfo - 1.7.101.201811012051
2021-05-16 19:55:00,108 - org.eclipse.jgit.http.apache - 5.11.0.202103091610-r
2021-05-16 19:55:00,149 - org.eclipse.mylyn.commons.notifications.core - 1.16.0.v20180904-2231
2021-05-16 19:55:00,150 - org.eclipse.mylyn.commons.notifications.feed - 1.16.0.v20180904-2231
2021-05-16 19:55:00,151 - org.eclipse.mylyn.commons.notifications.ui - 1.16.0.v20180904-2231
2021-05-16 19:55:00,187 - org.eclipse.emf.converter - 2.10.0.v20180706-1146
2021-05-16 19:55:00,190 - org.eclipse.emf.importer - 2.12.0.v20190321-1539
2021-05-16 19:55:00,192 - org.eclipse.emf.exporter - 2.10.0.v20190321-1530
2021-05-16 19:55:00,193 - org.eclipse.emf.importer.ecore - 2.10.0.v20180706-1146
2021-05-16 19:55:00,195 - org.eclipse.emf.importer.java - 2.11.0.v20190418-1022
2021-05-16 19:55:00,197 - org.eclipse.emf.importer.rose - 2.10.0.v20180706-1146
2021-05-16 19:55:00,237 - org.eclipse.emf.edit.ui - 2.16.0.v20181104-0733
2021-05-16 19:55:00,273 - org.eclipse.help - 3.8.500.v20190624-2105
2021-05-16 19:55:00,275 - org.eclipse.ui - 3.114.0.v20190808-1317
2021-05-16 19:55:00,276 - org.eclipse.ui.workbench - 3.116.0.v20190826-1428
2021-05-16 19:55:00,277 - org.eclipse.update.configurator - 3.4.300.v20190518-1030
2021-05-16 19:55:00,277 - org.eclipse.rcp - 4.13.0.v20190916-1045
2021-05-16 19:55:00,338 - org.eclipse.jgit.lfs - 5.11.0.202103091610-r
2021-05-16 19:55:00,339 - org.eclipse.jgit.lfs.server - 5.11.0.202103091610-r
2021-05-16 19:55:00,372 - de.jcup.yamleditor - 1.7.0
2021-05-16 19:55:00,418 - org.eclipse.jgit.gpg.bc - 5.11.0.202103091610-r
2021-05-16 19:55:00,457 - org.eclipse.mylyn.commons.repositories.http.core - 1.16.0.v20180904-2231
2021-05-16 19:55:00,487 - com.android.ide.eclipse.traceview - 23.0.7.2120684
2021-05-16 19:55:00,527 - org.eclipse.jdt - 3.18.100.v20190916-1045
2021-05-16 19:55:00,529 - org.eclipse.ant.ui - 3.7.500.v20190518-1030
2021-05-16 19:55:00,533 - org.eclipse.jdt.apt.core - 3.6.500.v20190703-0914
2021-05-16 19:55:00,537 - org.eclipse.jdt.apt.ui - 3.6.300.v20190727-1243
2021-05-16 19:55:00,540 - org.eclipse.jdt.apt.pluggable.core - 1.2.400.v20190626-1334
2021-05-16 19:55:00,542 - org.eclipse.jdt.compiler.apt - 1.3.700.v20190704-1731
2021-05-16 19:55:00,543 - org.eclipse.jdt.compiler.tool - 1.2.600.v20190322-0450
2021-05-16 19:55:00,543 - org.eclipse.jdt.core - 3.19.0.v20190903-0936
2021-05-16 19:55:00,545 - org.eclipse.jdt.annotation - 2.2.300.v20190328-1431
2021-05-16 19:55:00,545 - org.eclipse.jdt.annotation - 2.2.300.v20190328-1431
2021-05-16 19:55:00,547 - org.eclipse.jdt.core.manipulation - 1.12.100.v20190904-0645
2021-05-16 19:55:00,549 - org.eclipse.jdt.debug.ui - 3.10.400.v20190815-2202
2021-05-16 19:55:00,563 - org.eclipse.jdt.debug - 3.13.100.v20190902-1050
2021-05-16 19:55:00,566 - org.eclipse.jdt.junit - 3.11.500.v20190809-1613
2021-05-16 19:55:00,570 - org.eclipse.jdt.junit.core - 3.10.400.v20190625-1910
2021-05-16 19:55:00,571 - org.eclipse.jdt.junit.runtime - 3.4.1000.v20190510-0840
2021-05-16 19:55:00,573 - org.eclipse.jdt.junit4.runtime - 1.1.1000.v20190510-0840
2021-05-16 19:55:00,573 - org.eclipse.jdt.junit5.runtime - 1.0.600.v20190610-0439
2021-05-16 19:55:00,574 - org.eclipse.jdt.launching - 3.15.0.v20190826-1639
2021-05-16 19:55:00,582 - org.eclipse.jdt.ui - 3.19.0.v20190827-1733
2021-05-16 19:55:00,650 - org.junit - 4.12.0.v201504281640
2021-05-16 19:55:00,653 - org.hamcrest.core - 1.3.0.v20180420-1519
2021-05-16 19:55:00,655 - org.junit.jupiter.api - 5.5.1.v20190826-0900
2021-05-16 19:55:00,657 - org.junit.jupiter.engine - 5.5.1.v20190826-0900
2021-05-16 19:55:00,658 - org.junit.jupiter.migrationsupport - 5.5.1.v20190826-0900
2021-05-16 19:55:00,661 - org.junit.jupiter.params - 5.5.1.v20190826-0900
2021-05-16 19:55:00,662 - org.junit.platform.commons - 1.5.1.v20190826-0900
2021-05-16 19:55:00,664 - org.junit.platform.engine - 1.5.1.v20190826-0900
2021-05-16 19:55:00,665 - org.junit.platform.launcher - 1.5.1.v20190826-0900
2021-05-16 19:55:00,667 - org.junit.platform.runner - 1.5.1.v20190826-0900
2021-05-16 19:55:00,668 - org.junit.platform.suite.api - 1.5.1.v20190826-0900
2021-05-16 19:55:00,668 - org.junit.vintage.engine - 5.5.1.v20190826-0900
2021-05-16 19:55:00,669 - org.opentest4j - 1.2.0.v20190826-0900
2021-05-16 19:55:00,670 - org.apiguardian - 1.1.0.v20190826-0900
2021-05-16 19:55:00,673 - org.eclipse.jdt.doc.user - 3.15.400.v20190904-0724
2021-05-16 19:55:00,673 - org.eclipse.ant.launching - 1.2.600.v20190701-1953
2021-05-16 19:55:00,696 - org.eclipse.emf.common - 2.16.0.v20190625-1131
2021-05-16 19:55:00,721 - org.eclipse.sequoyah.vnc.vncviewer.vncviews - 2.1.0.N20120718-0509
2021-05-16 19:55:00,745 - org.eclipse.egit.mylyn.ui - 5.11.0.202103091610-r
2021-05-16 19:55:00,768 - org.eclipse.datatools.sqltools.common.ui - 1.2.101.201811012051
2021-05-16 19:55:00,769 - org.eclipse.datatools.sqltools.debugger.core - 1.2.101.201811012051
2021-05-16 19:55:00,770 - org.eclipse.datatools.sqltools.editor.core - 1.2.101.201811012051
2021-05-16 19:55:00,771 - org.eclipse.datatools.sqltools.plan - 1.2.101.201811012051
2021-05-16 19:55:00,772 - org.eclipse.datatools.sqltools.routineeditor - 1.2.101.201811012051
2021-05-16 19:55:00,772 - org.eclipse.datatools.sqltools.sql - 1.2.101.201811012051
2021-05-16 19:55:00,773 - org.eclipse.datatools.sqltools.sqleditor - 1.2.101.201811012051
2021-05-16 19:55:00,774 - org.eclipse.datatools.sqltools.sqlscrapbook - 1.2.101.201811012051
2021-05-16 19:55:00,775 - org.eclipse.datatools.help - 1.7.101.201811012051
2021-05-16 19:55:00,776 - org.eclipse.datatools.sqltools.db.generic - 1.2.101.201811012051
2021-05-16 19:55:00,777 - org.eclipse.datatools.sqltools.debugger.core.ui - 1.2.101.201811012051
2021-05-16 19:55:00,778 - org.eclipse.datatools.sqltools.editor.core.ui - 1.2.101.201811012051
2021-05-16 19:55:00,779 - org.eclipse.datatools.sqltools.result.ui - 1.3.101.201811012051
2021-05-16 19:55:00,780 - org.eclipse.datatools.sqltools.routineeditor.ui - 1.2.101.201811012051
2021-05-16 19:55:00,780 - org.eclipse.datatools.sqltools.sql.ui - 1.2.101.201811012051
2021-05-16 19:55:00,799 - com.android.ide.eclipse.base - 23.0.7.2120684
2021-05-16 19:55:00,799 - com.android.ide.eclipse.ddms - 23.0.7.2120684
2021-05-16 19:55:00,830 - org.objectweb.asm - 7.0.0.v20181030-2244
2021-05-16 19:55:00,830 - org.eclipse.andmore - 0.5.1.201701251432
2021-05-16 19:55:00,830 - org.eclipse.andmore.base - 0.5.1.201701251432
2021-05-16 19:55:00,831 - org.eclipse.andmore.ddms - 0.5.1.201701251432
2021-05-16 19:55:00,832 - org.eclipse.andmore.overlay - 0.5.1.201701251432
2021-05-16 19:55:00,834 - org.apache.commons.codec - 1.10.0.v20180409-1845
2021-05-16 19:55:00,835 - org.apache.commons.compress - 1.6.0.v201310281400
2021-05-16 19:55:00,836 - org.apache.httpcomponents.httpclient - 4.5.6.v20190213-1430
2021-05-16 19:55:00,838 - org.apache.httpcomponents.httpcore - 4.4.10.v20190123-2214
2021-05-16 19:55:00,864 - org.eclipse.oomph.setup.editor - 1.19.0.v20210223-0655
2021-05-16 19:55:00,865 - org.eclipse.oomph.setup.ui - 1.20.0.v20210126-0525
2021-05-16 19:55:00,866 - org.eclipse.oomph.setup.doc - 1.11.0.v20200624-1156
2021-05-16 19:55:00,867 - org.eclipse.oomph.setup.ui.questionnaire - 1.12.0.v20200624-1156
2021-05-16 19:55:00,867 - org.eclipse.oomph.jreinfo.ui - 1.12.0.v20200720-0749
2021-05-16 19:55:00,889 - org.eclipse.datatools.modelbase.dbdefinition - 1.2.101.201811012051
2021-05-16 19:55:00,892 - org.eclipse.datatools.modelbase.sql.edit - 1.2.101.201811012051
2021-05-16 19:55:00,893 - org.eclipse.datatools.modelbase.sql.query - 1.3.201.201811012051
2021-05-16 19:55:00,894 - org.eclipse.datatools.modelbase.sql.query.edit - 1.2.101.201811012051
2021-05-16 19:55:00,895 - org.eclipse.datatools.modelbase.sql.xml.query - 1.2.101.201811012051
2021-05-16 19:55:00,895 - org.eclipse.datatools.modelbase.sql - 1.2.101.201811012051
2021-05-16 19:55:00,918 - org.eclipse.emf.mapping - 2.12.0.v20181104-0733
2021-05-16 19:55:00,948 - org.eclipse.emf.ecore - 2.19.0.v20190822-1451
2021-05-16 19:55:00,949 - org.eclipse.emf.ecore.change - 2.14.0.v20190528-0725
2021-05-16 19:55:00,950 - org.eclipse.emf.ecore.xmi - 2.16.0.v20190528-0725
2021-05-16 19:55:00,978 - org.eclipse.jgit - 5.11.0.202103091610-r
2021-05-16 19:55:00,979 - org.eclipse.jgit.archive - 5.11.0.202103091610-r
2021-05-16 19:55:01,009 - org.eclipse.mylyn.wikitext.tasks.ui - 3.0.33.201907111840
2021-05-16 19:55:01,010 - org.eclipse.mylyn.wikitext.context.ui - 3.0.33.201907111840
2021-05-16 19:55:01,040 - org.eclipse.emf.mapping.ecore.editor - 2.8.0.v20180706-1146
2021-05-16 19:55:01,041 - org.eclipse.emf.mapping.ecore2ecore.editor - 2.10.0.v20181104-0733
2021-05-16 19:55:01,042 - org.eclipse.emf.mapping.ecore2xml.ui - 2.12.0.v20190528-0725
2021-05-16 19:55:01,086 - com.android.ide.eclipse.adt - 23.0.7.2120684
2021-05-16 19:55:01,087 - overlay.com.android.ide.eclipse.adt.overlay - 23.0.7.2120684
2021-05-16 19:55:02,386 - org.apache.ant - 1.10.5.v20190526-1402
2021-05-16 19:55:02,387 - org.eclipse.ant.core - 3.5.500.v20190701-1953
2021-05-16 19:55:02,388 - com.jcraft.jsch - 0.1.55.v20190404-1902
2021-05-16 19:55:02,389 - org.eclipse.compare.core - 3.6.600.v20190615-1517
2021-05-16 19:55:02,390 - org.eclipse.compare - 3.7.700.v20190802-1838
2021-05-16 19:55:02,391 - org.eclipse.compare.win32 - 1.2.600.v20190615-1517
2021-05-16 19:55:02,392 - org.eclipse.core.filebuffers - 3.6.700.v20190614-0928
2021-05-16 19:55:02,393 - org.eclipse.core.filesystem - 1.7.500.v20190620-1312
2021-05-16 19:55:02,393 - org.eclipse.core.net - 1.3.600.v20190619-1613
2021-05-16 19:55:02,395 - org.eclipse.core.net.win32.x86_64 - 1.1.400.v20190812-0847
2021-05-16 19:55:02,396 - org.eclipse.core.resources - 3.13.500.v20190819-0800
2021-05-16 19:55:02,399 - org.eclipse.osgi.util - 3.5.300.v20190708-1141
2021-05-16 19:55:02,401 - org.eclipse.debug.core - 3.14.0.v20190812-1404
2021-05-16 19:55:02,403 - org.eclipse.debug.ui - 3.14.200.v20190822-2125
2021-05-16 19:55:02,405 - org.eclipse.equinox.event - 1.5.200.v20190814-0953
2021-05-16 19:55:02,406 - org.eclipse.ltk.core.refactoring - 3.10.200.v20190814-1719
2021-05-16 19:55:02,407 - org.eclipse.ltk.ui.refactoring - 3.10.0.v20190819-2110
2021-05-16 19:55:02,407 - org.eclipse.platform - 4.13.0.v20190916-1045
2021-05-16 19:55:02,408 - org.eclipse.platform.doc.user - 4.13.0.v20190904-0724
2021-05-16 19:55:02,409 - org.eclipse.search - 3.11.700.v20190813-2210
2021-05-16 19:55:02,409 - org.eclipse.text.quicksearch - 1.0.0.v20190824-1202
2021-05-16 19:55:02,410 - org.eclipse.team.core - 3.8.700.v20190619-1613
2021-05-16 19:55:02,411 - org.eclipse.team.ui - 3.8.600.v20190819-1553
2021-05-16 19:55:02,411 - org.eclipse.text - 3.9.0.v20190826-1019
2021-05-16 19:55:02,412 - org.eclipse.jface.text - 3.15.300.v20190819-0725
2021-05-16 19:55:02,413 - org.eclipse.jsch.core - 1.3.600.v20190615-1517
2021-05-16 19:55:02,414 - org.eclipse.jsch.ui - 1.3.600.v20190617-1017
2021-05-16 19:55:02,414 - org.eclipse.ui.console - 3.8.600.v20190815-2020
2021-05-16 19:55:02,415 - org.eclipse.ui.intro - 3.5.700.v20190814-0635
2021-05-16 19:55:02,415 - org.eclipse.ui.intro.universal - 3.3.600.v20190624-2105
2021-05-16 19:55:02,416 - org.eclipse.ui.cheatsheets - 3.5.500.v20190813-2246
2021-05-16 19:55:02,416 - org.eclipse.ui.browser - 3.6.500.v20190813-2217
2021-05-16 19:55:02,417 - org.eclipse.ui.genericeditor - 1.1.500.v20190823-1613
2021-05-16 19:55:02,418 - org.eclipse.ui.monitoring - 1.1.500.v20190823-0929
2021-05-16 19:55:02,418 - org.eclipse.ui.navigator - 3.9.0.v20190807-2204
2021-05-16 19:55:02,419 - org.eclipse.ui.navigator.resources - 3.7.0.v20190820-1649
2021-05-16 19:55:02,420 - org.eclipse.ui.net - 1.3.500.v20190615-1517
2021-05-16 19:55:02,421 - org.eclipse.ui.workbench.texteditor - 3.13.0.v20190903-0631
2021-05-16 19:55:02,421 - org.eclipse.ui.views - 3.10.0.v20190805-1157
2021-05-16 19:55:02,422 - org.eclipse.ui.editors - 3.12.0.v20190730-1840
2021-05-16 19:55:02,422 - org.eclipse.ui.externaltools - 3.4.400.v20190705-1219
2021-05-16 19:55:02,424 - org.eclipse.ui.ide - 3.16.0.v20190916-1323
2021-05-16 19:55:02,424 - org.eclipse.ui.ide.application - 1.3.400.v20190818-1234
2021-05-16 19:55:02,425 - org.eclipse.ui.win32 - 3.4.200.v20190513-2118
2021-05-16 19:55:02,425 - org.eclipse.core.resources.win32.x86_64 - 3.5.400.v20190812-0909
2021-05-16 19:55:02,425 - org.eclipse.core.filesystem.win32.x86_64 - 1.4.200.v20190812-0909
2021-05-16 19:55:02,426 - org.eclipse.core.variables - 3.4.600.v20190614-1239
2021-05-16 19:55:02,427 - org.eclipse.ui.forms - 3.8.100.v20190625-1825
2021-05-16 19:55:02,428 - org.eclipse.ui.views.properties.tabbed - 3.8.600.v20190713-1021
2021-05-16 19:55:02,428 - org.eclipse.equinox.security - 1.3.300.v20190714-1851
2021-05-16 19:55:02,430 - org.eclipse.equinox.security.ui - 1.2.400.v20190714-1851
2021-05-16 19:55:02,431 - org.eclipse.equinox.security.win32.x86_64 - 1.1.200.v20190812-0919
2021-05-16 19:55:02,432 - org.eclipse.core.externaltools - 1.1.400.v20190705-1530
2021-05-16 19:55:02,432 - org.eclipse.ui.themes - 1.2.700.v20190826-0816
2021-05-16 19:55:02,433 - org.eclipse.core.runtime - 3.16.0.v20190823-1314
2021-05-16 19:55:02,434 - org.eclipse.ui.intro.quicklinks - 1.0.300.v20180821-0700
2021-05-16 19:55:02,434 - org.eclipse.team.genericeditor.diff.extension - 1.0.400.v20190626-0924
2021-05-16 19:55:02,435 - org.eclipse.urischeme - 1.0.400.v20190621-1448
2021-05-16 19:55:02,435 - org.eclipse.ui.views.log - 1.2.700.v20190819-1015
2021-05-16 19:55:02,460 - org.testng.eclipse - 7.3.0.202008060412
2021-05-16 19:55:02,506 - org.eclipse.mylyn.discovery.core - 3.24.2.v20180904-2231
2021-05-16 19:55:02,507 - org.eclipse.mylyn.discovery.ui - 3.24.2.v20180904-2231
2021-05-16 19:55:02,538 - org.eclipse.emf.ecore.edit - 2.13.0.v20190822-1451
2021-05-16 19:55:02,538 - org.eclipse.emf.ecore.change.edit - 2.8.0.v20180706-1146
2021-05-16 19:55:02,565 - org.eclipse.sequoyah.vnc.protocol - 2.1.0.N20120718-0509
2021-05-16 19:55:02,589 - org.eclipse.emf.mapping.ecore - 2.8.0.v20180706-1146
2021-05-16 19:55:02,589 - org.eclipse.emf.mapping.ecore2ecore - 2.11.0.v20180706-1146
2021-05-16 19:55:02,590 - org.eclipse.emf.mapping.ecore2xml - 2.11.0.v20180706-1146
2021-05-16 19:55:02,620 - org.eclipse.mylyn.versions.core - 1.16.0.v20170629-1738
2021-05-16 19:55:02,621 - org.eclipse.mylyn.versions.ui - 1.16.0.v20170629-1738
2021-05-16 19:55:02,640 - org.eclipse.egit.gitflow - 5.11.0.202103091610-r
2021-05-16 19:55:02,640 - org.eclipse.egit.gitflow.ui - 5.11.0.202103091610-r
2021-05-16 19:55:02,657 - org.eclipse.andmore.traceview - 0.5.1.201701251432
2021-05-16 19:55:02,676 - org.eclipse.mylyn.wikitext - 3.0.33.20190711143914
2021-05-16 19:55:02,677 - org.eclipse.mylyn.wikitext.ant - 3.0.33.20190711143914
2021-05-16 19:55:02,677 - org.eclipse.mylyn.wikitext.osgi - 3.0.33.201907111840
2021-05-16 19:55:02,678 - org.eclipse.mylyn.wikitext.asciidoc - 3.0.33.20190711143914
2021-05-16 19:55:02,678 - org.eclipse.mylyn.wikitext.textile - 3.0.33.20190711143914
2021-05-16 19:55:02,679 - org.eclipse.mylyn.wikitext.html - 3.0.33.20190711143914
2021-05-16 19:55:02,679 - org.eclipse.mylyn.wikitext.markdown - 3.0.33.20190711143914
2021-05-16 19:55:02,680 - org.eclipse.mylyn.wikitext.mediawiki - 3.0.33.20190711143914
2021-05-16 19:55:02,681 - org.eclipse.mylyn.wikitext.confluence - 3.0.33.20190711143914
2021-05-16 19:55:02,681 - org.eclipse.mylyn.wikitext.tracwiki - 3.0.33.20190711143914
2021-05-16 19:55:02,682 - org.eclipse.mylyn.wikitext.twiki - 3.0.33.20190711143914
2021-05-16 19:55:02,682 - org.eclipse.mylyn.wikitext.ui - 3.0.33.201907111840
2021-05-16 19:55:02,683 - org.eclipse.mylyn.wikitext.help.ui - 3.0.33.201907111840
2021-05-16 19:55:02,683 - org.eclipse.mylyn.wikitext.asciidoc.ui - 3.0.33.201907111840
2021-05-16 19:55:02,684 - org.eclipse.mylyn.wikitext.textile.ui - 3.0.33.201907111840
2021-05-16 19:55:02,684 - org.eclipse.mylyn.wikitext.markdown.ui - 3.0.33.201907111840
2021-05-16 19:55:02,685 - org.eclipse.mylyn.wikitext.mediawiki.ui - 3.0.33.201907111840
2021-05-16 19:55:02,686 - org.eclipse.mylyn.wikitext.confluence.ui - 3.0.33.201907111840
2021-05-16 19:55:02,686 - org.eclipse.mylyn.wikitext.tracwiki.ui - 3.0.33.201907111840
2021-05-16 19:55:02,687 - org.eclipse.mylyn.wikitext.twiki.ui - 3.0.33.201907111840
2021-05-16 19:55:02,717 - org.eclipse.sequoyah.localization.android - 2.1.0.N20120718-0509
2021-05-16 19:55:02,718 - org.eclipse.sequoyah.localization.android.help - 2.1.1.N20120718-0509
2021-05-16 19:55:02,745 - org.eclipse.m2e.logback.configuration - 1.15.0.20191217-1149
2021-05-16 19:55:02,746 - org.eclipse.m2e.logback.appender - 1.15.0.20200108-1649
2021-05-16 19:55:02,769 - org.eclipse.emf.codegen - 2.19.0.v20190821-1536
2021-05-16 19:55:02,793 - org.eclipse.wst.dtd.ui - 1.1.200.v201904272112
2021-05-16 19:55:02,793 - org.eclipse.wst.dtd.ui.infopop - 1.0.400.v201903222120
2021-05-16 19:55:02,794 - org.eclipse.wst.sse.ui.infopop - 1.0.300.v201903222120
2021-05-16 19:55:02,795 - org.eclipse.wst.xml.ui.infopop - 1.0.400.v201903222120
2021-05-16 19:55:02,795 - org.eclipse.wst.sse.ui - 1.6.0.v201905291408
2021-05-16 19:55:02,795 - org.eclipse.wst.xml.ui - 1.2.300.v201904272112
2021-05-16 19:55:02,820 - org.eclipse.wst.xsd.ui - 1.3.300.v201904272112
2021-05-16 19:55:02,851 - org.eclipse.emf - 2.8.0.v20180706-1146
2021-05-16 19:55:02,873 - org.eclipse.datatools.doc.user - 1.14.101.201811012051
2021-05-16 19:55:02,874 - org.eclipse.datatools.oda.cshelp - 1.3.101.201811012051
2021-05-16 19:55:02,874 - org.eclipse.datatools.help - 1.7.101.201811012051
2021-05-16 19:55:02,896 - org.eclipse.userstorage - 1.2.0.v20190307-0457
2021-05-16 19:55:02,897 - org.eclipse.userstorage.ui - 1.1.0.v20190307-0457
2021-05-16 19:55:02,897 - org.eclipse.userstorage.oauth - 1.1.0.v20190307-0457
2021-05-16 19:55:02,919 - org.eclipse.mylyn.tasks.bugs - 3.24.2.v20180905-0003
2021-05-16 19:55:02,920 - org.eclipse.mylyn.help.ui - 3.24.2.v20180905-0003
2021-05-16 19:55:02,944 - org.eclipse.draw2d - 3.10.100.201606061308
2021-05-16 19:55:02,969 - org.eclipse.emf.edit - 2.15.0.v20190528-0725
2021-05-16 19:55:02,998 - org.eclipse.mylyn.commons.core - 3.24.2.v20180904-2231
2021-05-16 19:55:02,999 - org.eclipse.mylyn.commons.screenshots - 3.24.2.v20180904-2231
2021-05-16 19:55:03,000 - org.eclipse.mylyn.commons.ui - 3.24.2.v20180904-2231
2021-05-16 19:55:03,001 - org.eclipse.mylyn.commons.workbench - 3.24.2.v20180904-2231
2021-05-16 19:55:03,027 - org.eclipse.eclemma.core - 3.1.2.201903112331
2021-05-16 19:55:03,028 - org.eclipse.eclemma.doc - 3.1.2.201903112331
2021-05-16 19:55:03,028 - org.eclipse.eclemma.ui - 3.1.2.201903112331
2021-05-16 19:55:03,029 - org.jacoco.agent - 0.8.3.v20190219-1601
2021-05-16 19:55:03,030 - org.jacoco.core - 0.8.3.v20190219-1601
2021-05-16 19:55:03,031 - org.jacoco.report - 0.8.3.v20190219-1601
2021-05-16 19:55:03,031 - org.objectweb.asm - 7.0.0.v20181030-2244
2021-05-16 19:55:03,032 - org.objectweb.asm.commons - 7.0.0.v20181030-2244
2021-05-16 19:55:03,033 - org.objectweb.asm.tree - 7.0.0.v20181030-2244
2021-05-16 19:55:03,059 - org.eclipse.mylyn.bugzilla.ide - 3.24.2.v20180905-0014
2021-05-16 19:55:03,060 - org.eclipse.mylyn.ide.ui - 3.24.2.v20180905-0014
2021-05-16 19:55:03,080 - org.eclipse.emf.databinding.edit - 1.6.0.v20190323-1031
2021-05-16 19:55:03,101 - org.eclipse.emf.codegen.ecore - 2.19.0.v20190822-1451
2021-05-16 19:55:03,102 - org.eclipse.emf.ant - 2.11.0.v20190418-1022
2021-05-16 19:55:03,805 - org.eclipse.m2e.archetype.common - 1.15.0.20200310-1832
2021-05-16 19:55:03,824 - org.eclipse.m2e.maven.indexer - 1.15.0.20200310-1832
2021-05-16 19:55:03,825 - org.eclipse.m2e.model.edit - 1.15.0.20200225-1921
2021-05-16 19:55:03,825 - org.eclipse.m2e.core - 1.15.0.20200305-1308
2021-05-16 19:55:03,825 - org.eclipse.m2e.launching - 1.15.0.20200225-1921
2021-05-16 19:55:03,826 - org.eclipse.m2e.workspace.cli - 0.3.1
2021-05-16 19:55:03,826 - org.eclipse.m2e.jdt - 1.15.0.20200226-1722
2021-05-16 19:55:03,827 - org.eclipse.m2e.editor - 1.15.0.20200203-1710
2021-05-16 19:55:03,827 - org.eclipse.m2e.editor.xml - 1.15.0.20200223-1407
2021-05-16 19:55:03,898 - org.eclipse.m2e.maven.runtime - 1.15.0.20200310-1832
2021-05-16 19:55:04,003 - org.eclipse.m2e.maven.runtime.slf4j.simple - 1.15.0.20200310-1832
2021-05-16 19:55:04,004 - org.eclipse.m2e.refactoring - 1.15.0.20200109-1036
2021-05-16 19:55:04,004 - org.eclipse.m2e.lifecyclemapping.defaults - 1.15.0.20200109-0905
2021-05-16 19:55:04,005 - org.eclipse.m2e.discovery - 1.15.0.20200109-1036
2021-05-16 19:55:04,005 - org.eclipse.m2e.core.ui - 1.15.0.20200305-1308
2021-05-16 19:55:04,006 - org.eclipse.m2e.scm - 1.15.0.20200109-1036
2021-05-16 19:55:04,006 - org.eclipse.m2e.jdt.ui - 1.15.0.20200109-1036
2021-05-16 19:55:04,006 - org.eclipse.m2e.profiles.core - 1.15.0.20200109-0905
2021-05-16 19:55:04,007 - org.eclipse.m2e.profiles.ui - 1.15.0.20200225-0929
2021-05-16 19:55:04,007 - org.eclipse.m2e.importer - 1.15.0.20200109-0905
2021-05-16 19:55:04,010 - org.eclipse.m2e.sourcelookup - 1.15.0.20200109-0905
2021-05-16 19:55:04,012 - org.eclipse.m2e.sourcelookup.ui - 1.15.0.20200109-1036
2021-05-16 19:55:04,013 - org.eclipse.m2e.binaryproject - 1.15.0.20200109-0905
2021-05-16 19:55:04,015 - org.eclipse.m2e.binaryproject.ui - 1.15.0.20200109-0905
2021-05-16 19:55:04,039 - org.eclipse.andmore.ndk - 0.5.1.201701251432
2021-05-16 19:55:04,065 - org.eclipse.andmore.gldebugger - 0.5.1.201701251432
2021-05-16 19:55:04,088 - org.eclipse.mylyn.hudson.core - 1.16.0.v20180403-2055
2021-05-16 19:55:04,089 - org.eclipse.mylyn.hudson.ui - 1.16.0.v20170629-2231
2021-05-16 19:55:04,106 - org.eclipse.epp.mpc.core - 1.8.1.v20191107-0507
2021-05-16 19:55:04,106 - org.eclipse.epp.mpc.core.win32 - 1.8.1.v20191106-1317
2021-05-16 19:55:04,106 - org.eclipse.epp.mpc.ui - 1.8.1.v20191119-1757
2021-05-16 19:55:04,107 - org.eclipse.epp.mpc.ui.css - 1.8.1.v20191106-1317
2021-05-16 19:55:04,107 - org.eclipse.epp.mpc.help.ui - 1.8.1.v20191106-1317
2021-05-16 19:55:04,123 - org.eclipse.mylyn.git.core - 1.16.0.v20170629-1738
2021-05-16 19:55:04,124 - org.eclipse.mylyn.git.ui - 1.16.0.v20170629-1738
2021-05-16 19:55:04,141 - org.eclipse.andmore.android.certmanager - 0.5.1.201701251432
2021-05-16 19:55:04,159 - org.eclipse.epp.package.java - 4.13.0.20190917-0000
2021-05-16 19:55:04,176 - org.eclipse.cdt.gdb - 7.0.1.201811241055
2021-05-16 19:55:04,177 - org.eclipse.cdt.gdb.ui - 7.0.1.201811241055
2021-05-16 19:55:04,198 - org.eclipse.sequoyah.localization.tools - 2.1.0.N20120718-0509
2021-05-16 19:55:04,199 - org.eclipse.sequoyah.localization.editor - 2.1.0.N20120718-0509
2021-05-16 19:55:04,212 - com.android.ide.eclipse.hierarchyviewer - 23.0.7.2120684
2021-05-16 19:55:04,234 - org.eclipse.mylyn.java.ui - 3.24.2.v20180905-0014
2021-05-16 19:55:04,235 - org.eclipse.mylyn.java.tasks - 3.24.2.v20180905-0014
2021-05-16 19:55:04,235 - org.eclipse.mylyn.ide.ui - 3.24.2.v20180905-0014
2021-05-16 19:55:04,235 - org.eclipse.mylyn.ide.ant - 3.24.2.v20180905-0014
2021-05-16 19:55:04,236 - org.eclipse.mylyn.debug.ui - 3.24.2.v20180905-0014
2021-05-16 19:55:04,259 - org.eclipse.mylyn.team.ui - 3.24.2.v20180905-0014
2021-05-16 19:55:04,275 - org.eclipse.datatools.sqltools.sql - 1.2.101.201811012051
2021-05-16 19:55:04,275 - org.eclipse.datatools.sqltools.common.ui - 1.2.101.201811012051
2021-05-16 19:55:04,275 - org.eclipse.datatools.sqltools.plan - 1.2.101.201811012051
2021-05-16 19:55:04,275 - org.eclipse.datatools.sqltools.editor.core - 1.2.101.201811012051
2021-05-16 19:55:04,275 - org.eclipse.datatools.sqltools.sqleditor - 1.2.101.201811012051
2021-05-16 19:55:04,275 - org.eclipse.datatools.sqltools.ddlgen.ui - 1.2.101.201811012051
2021-05-16 19:55:04,276 - org.eclipse.datatools.connectivity.db.generic - 1.2.101.201811012051
2021-05-16 19:55:04,276 - org.eclipse.datatools.sqltools.editor.core.ui - 1.2.101.201811012051
2021-05-16 19:55:04,276 - org.eclipse.datatools.sqltools.sql.ui - 1.2.101.201811012051
2021-05-16 19:55:04,291 - org.eclipse.emf.common.ui - 2.18.0.v20190507-0402
2021-05-16 19:55:04,307 - org.eclipse.jgit.ssh.apache - 5.11.0.202103091610-r
2021-05-16 19:55:04,322 - org.eclipse.mylyn.commons.repositories.core - 1.16.0.v20180904-2231
2021-05-16 19:55:04,322 - org.eclipse.mylyn.commons.repositories.ui - 1.16.0.v20180904-2231
2021-05-16 19:55:04,336 - org.eclipse.sequoyah.device.common.utilities - 2.1.0.N20120718-0509
2021-05-16 19:55:04,351 - org.eclipse.andmore.android.common - 0.5.1.201701251432
2021-05-16 19:55:04,353 - org.eclipse.andmore.android.codeutils - 0.5.1.201701251432
2021-05-16 19:55:04,353 - org.eclipse.andmore.android.translation - 0.5.1.201701251432
2021-05-16 19:55:04,355 - org.eclipse.andmore.android.codesnippets - 0.5.1.201701251432
2021-05-16 19:55:04,355 - org.eclipse.andmore.android.db.core - 0.5.1.201701251432
2021-05-16 19:55:04,356 - org.eclipse.andmore.android.logger - 0.5.1.201701251432
2021-05-16 19:55:04,357 - org.eclipse.andmore.android - 0.5.1.201701251432
2021-05-16 19:55:04,358 - org.eclipse.andmore.android.emulator - 0.5.1.201701251432
2021-05-16 19:55:04,359 - org.eclipse.andmore.android.launch - 0.5.1.201701251432
2021-05-16 19:55:04,360 - org.eclipse.andmore.android.packaging.ui - 0.5.1.201701251432
2021-05-16 19:55:04,361 - org.eclipse.andmore.android.handset - 0.5.1.201701251432
2021-05-16 19:55:04,362 - org.eclipse.andmore.android.remote - 0.5.1.201701251432
2021-05-16 19:55:04,362 - org.eclipse.andmore.android.win32.x86_64 - 0.5.1.201701251432
2021-05-16 19:55:04,363 - org.eclipse.andmore.android.mat - 0.5.1.201701251432
2021-05-16 19:55:04,364 - org.eclipse.andmore.android.devices.services - 0.5.1.201701251432
2021-05-16 19:55:04,365 - org.eclipse.andmore.android.db.devices - 0.5.1.201701251432
2021-05-16 19:55:04,366 - org.eclipse.andmore.android.installer - 0.5.1.201701251432
2021-05-16 19:55:04,367 - org.eclipse.andmore.android.logger.collector - 0.5.1.201701251432
2021-05-16 19:55:04,398 - org.eclipse.emf.mapping.ui - 2.10.0.v20181104-0733
2021-05-16 19:55:04,425 - org.eclipse.mylyn.monitor.core - 3.24.2.v20180904-2231
2021-05-16 19:55:04,426 - org.eclipse.mylyn.monitor.ui - 3.24.2.v20180904-2231
2021-05-16 19:55:04,468 - org.eclipse.sequoyah.vnc.vncviewer - 2.1.0.N20120718-0509
2021-05-16 19:55:04,497 - org.eclipse.emf.codegen.ecore.ui - 2.19.0.v20190627-0837
2021-05-16 19:55:04,521 - org.eclipse.emf.ecore.editor - 2.17.0.v20190528-0725
2021-05-16 19:55:04,547 - org.eclipse.mylyn.builds.core - 1.16.0.v20170629-2231
2021-05-16 19:55:04,548 - org.eclipse.mylyn.builds.ui - 1.16.0.v20170629-2231
2021-05-16 19:55:04,573 - org.eclipse.mylyn.context.core - 3.24.2.v20180905-0014
2021-05-16 19:55:04,575 - org.eclipse.mylyn.context.ui - 3.24.2.v20180905-0014
2021-05-16 19:55:04,576 - org.eclipse.mylyn.resources.ui - 3.24.2.v20180905-0014
2021-05-16 19:55:04,576 - org.eclipse.mylyn.context.tasks.ui - 3.24.2.v20180905-0014
2021-05-16 19:55:04,594 - org.eclipse.emf.databinding - 1.5.0.v20180706-1146
2021-05-16 19:55:04,613 - org.eclipse.datatools.connectivity.sqm.core.ui - 1.4.101.201811012051
2021-05-16 19:55:04,614 - org.eclipse.datatools.connectivity.sqm.core - 1.4.101.201811012051
2021-05-16 19:55:04,614 - org.eclipse.datatools.connectivity.sqm.server.ui - 1.3.101.201811012051
2021-05-16 19:55:04,615 - org.eclipse.datatools.connectivity.ui.dse - 1.3.101.201811012051
2021-05-16 19:55:04,615 - org.eclipse.datatools.connectivity.ui - 1.4.101.201811012051
2021-05-16 19:55:04,615 - org.eclipse.datatools.connectivity - 1.14.101.201811012051
2021-05-16 19:55:04,615 - org.eclipse.datatools.help - 1.7.101.201811012051
2021-05-16 19:55:04,616 - org.eclipse.datatools.connectivity.console.profile - 1.2.101.201811012051
2021-05-16 19:55:04,629 - org.eclipse.oomph.setup - 1.19.0.v20210412-0821
2021-05-16 19:55:04,630 - org.eclipse.oomph.setup.edit - 1.15.0.v20200624-1156
2021-05-16 19:55:04,630 - org.eclipse.oomph.setup.core - 1.20.0.v20210411-0650
2021-05-16 19:55:04,630 - org.eclipse.oomph.setup.sync - 1.13.0.v20200624-1156
2021-05-16 19:55:04,631 - org.eclipse.oomph.setup.p2 - 1.16.0.v20200814-1205
2021-05-16 19:55:04,631 - org.eclipse.oomph.setup.p2.edit - 1.13.0.v20200624-1156
2021-05-16 19:55:04,631 - org.eclipse.oomph.preferences - 1.12.0.v20200624-1156
2021-05-16 19:55:04,632 - org.eclipse.oomph.jreinfo - 1.14.0.v20200901-1012
2021-05-16 19:55:04,632 - org.eclipse.oomph.jreinfo.win32.x86_64 - 1.7.0.v20191107-1011
2021-05-16 19:55:04,632 - org.eclipse.oomph.extractor.lib - 1.8.0.v20200624-1156
